<?xml version="1.0" encoding="UTF-8"?>
<!-- Generated by org.testng.reporters.JUnitReportReporter -->
<testsuite hostname="DESKTOP-5UV4F2D" failures="0" tests="5" name="test.TestShopping" time="13.038" errors="0" timestamp="5 Oct 2020 14:20:09 GMT">
  <testcase classname="test.TestShopping" name="addinfo" time="3.423"/>
  <testcase classname="test.TestShopping" name="finishorder" time="1.766"/>
  <testcase classname="test.TestShopping" name="addproducts" time="3.461"/>
  <testcase classname="test.TestShopping" name="verifytotal" time="0.095"/>
  <testcase classname="test.TestShopping" name="Login" time="4.293"/>
</testsuite> <!-- test.TestShopping -->
